[+] Assessment completato

[STEP] network.network.discovery
Status : error
Summary: Host discovery eseguita su None
--------------------------------------------------
[STEP] network.network.portscan
Status : error
Summary: Port scan TCP su 192.168.1.1
--------------------------------------------------
[STEP] endpoint.endpoint.os_check
Status : success
Summary: Identificazione sistema operativo endpoint
Raw output:
OS: Windows
    Version: 10.0.26200
    Arch: AMD64
--------------------------------------------------
[STEP] web.web.web_enum
Status : error
Summary: Nessun dominio web fornito
--------------------------------------------------
[STEP] exploits.exploits.metasploit_check
Status : error
Summary: Nessun target per Metasploit
--------------------------------------------------

=== MITRE TECHNIQUES ===

=== RISK SUMMARY ===
Score: 0
Level: NONE
